[2025-11-19 11:25:54 +0300] [5271] [INFO] Starting gunicorn 21.2.0
[2025-11-19 11:25:54 +0300] [5271] [INFO] Listening at: http://127.0.0.1:8000 (5271)
[2025-11-19 11:25:54 +0300] [5271] [INFO] Using worker: sync
[2025-11-19 11:25:54 +0300] [5305] [INFO] Booting worker with pid: 5305
[2025-11-19 11:25:54 +0300] [5306] [INFO] Booting worker with pid: 5306
[2025-11-19 11:26:03 +0300] [5271] [INFO] Handling signal: int
[2025-11-19 11:26:03 +0300] [5306] [INFO] Worker exiting (pid: 5306)
[2025-11-19 11:26:03 +0300] [5305] [INFO] Worker exiting (pid: 5305)
[2025-11-19 11:26:03 +0300] [5271] [INFO] Shutting down: Master
[2025-11-19 11:26:34 +0300] [5497] [INFO] Starting gunicorn 21.2.0
[2025-11-19 11:26:34 +0300] [5497] [INFO] Listening at: http://127.0.0.1:8000 (5497)
[2025-11-19 11:26:34 +0300] [5497] [INFO] Using worker: sync
[2025-11-19 11:26:34 +0300] [5525] [INFO] Booting worker with pid: 5525
[2025-11-19 11:26:34 +0300] [5528] [INFO] Booting worker with pid: 5528
[2025-11-19 12:50:15 +0300] [5497] [CRITICAL] WORKER TIMEOUT (pid:5525)
[2025-11-19 12:50:15 +0300] [5497] [CRITICAL] WORKER TIMEOUT (pid:5528)
[2025-11-19 12:50:15 +0300] [5525] [INFO] Worker exiting (pid: 5525)
[2025-11-19 12:50:15 +0300] [5528] [INFO] Worker exiting (pid: 5528)
[2025-11-19 12:50:15 +0300] [5497] [ERROR] Worker (pid:5525) exited with code 1
[2025-11-19 12:50:15 +0300] [5497] [ERROR] Worker (pid:5525) exited with code 1.
[2025-11-19 12:50:15 +0300] [5497] [ERROR] Worker (pid:5528) exited with code 1
[2025-11-19 12:50:15 +0300] [5497] [ERROR] Worker (pid:5528) exited with code 1.
[2025-11-19 12:50:15 +0300] [1608] [INFO] Booting worker with pid: 1608
[2025-11-19 12:50:15 +0300] [1609] [INFO] Booting worker with pid: 1609
[2025-11-19 13:08:31 +0300] [5497] [INFO] Handling signal: hup
[2025-11-19 13:08:31 +0300] [5497] [INFO] Hang up: Master
[2025-11-19 13:08:31 +0300] [5497] [ERROR] Worker (pid:1608) was sent SIGHUP!
[2025-11-19 13:08:31 +0300] [5497] [ERROR] Worker (pid:1609) was sent SIGHUP!
[2025-11-19 13:08:31 +0300] [7393] [INFO] Booting worker with pid: 7393
[2025-11-19 13:08:31 +0300] [7394] [INFO] Booting worker with pid: 7394
